<?xml version="1.0" encoding="UTF-8"?>
<testsuite xmlns:xsi="http://www.w3.org/2001/XMLSchema-instance" xsi:noNamespaceSchemaLocation="https://maven.apache.org/surefire/maven-surefire-plugin/xsd/surefire-test-report.xsd" name="edu.westga.comp4420.junit_sample.test.model.telephone_checker.TestIdentifySpam" time="0.218" tests="8" errors="0" skipped="0" failures="0">
  <properties>
    <property name="java.specification.version" value="21"/>
    <property name="sun.cpu.isalist" value="amd64"/>
    <property name="sun.jnu.encoding" value="Cp1252"/>
    <property name="java.class.path" value="C:\Users\Kaiden Thrailkill\Desktop\DevOpsAssignments\Kaiden-Thrailkill-DevOps-CI-Activity\code\JUnit Sample\target\test-classes;C:\Users\Kaiden Thrailkill\Desktop\DevOpsAssignments\Kaiden-Thrailkill-DevOps-CI-Activity\code\JUnit Sample\target\classes;C:\Users\Kaiden Thrailkill\.m2\repository\org\junit\jupiter\junit-jupiter-api\5.5.1\junit-jupiter-api-5.5.1.jar;C:\Users\Kaiden Thrailkill\.m2\repository\org\apiguardian\apiguardian-api\1.1.0\apiguardian-api-1.1.0.jar;C:\Users\Kaiden Thrailkill\.m2\repository\org\opentest4j\opentest4j\1.2.0\opentest4j-1.2.0.jar;C:\Users\Kaiden Thrailkill\.m2\repository\org\junit\platform\junit-platform-commons\1.5.1\junit-platform-commons-1.5.1.jar;C:\Users\Kaiden Thrailkill\.m2\repository\org\junit\jupiter\junit-jupiter-params\5.5.1\junit-jupiter-params-5.5.1.jar;C:\Users\Kaiden Thrailkill\.m2\repository\org\junit\jupiter\junit-jupiter-engine\5.5.1\junit-jupiter-engine-5.5.1.jar;C:\Users\Kaiden Thrailkill\.m2\repository\org\junit\platform\junit-platform-engine\1.5.1\junit-platform-engine-1.5.1.jar;"/>
    <property name="java.vm.vendor" value="Oracle Corporation"/>
    <property name="sun.arch.data.model" value="64"/>
    <property name="user.variant" value=""/>
    <property name="java.vendor.url" value="https://java.oracle.com/"/>
    <property name="user.timezone" value="America/New_York"/>
    <property name="os.name" value="Windows 11"/>
    <property name="java.vm.specification.version" value="21"/>
    <property name="sun.java.launcher" value="SUN_STANDARD"/>
    <property name="user.country" value="US"/>
    <property name="sun.boot.library.path" value="C:\Program Files\Java\jdk-21\bin"/>
    <property name="sun.java.command" value="C:\Users\KAIDEN~1\AppData\Local\Temp\surefire15035928812430862817\surefirebooter9866532097033303979.jar C:\Users\Kaiden Thrailkill\AppData\Local\Temp\surefire15035928812430862817 2024-03-11T22-16-56_381-jvmRun1 surefire15583805427733481578tmp surefire_017374456003567394438tmp"/>
    <property name="jdk.debug" value="release"/>
    <property name="surefire.test.class.path" value="C:\Users\Kaiden Thrailkill\Desktop\DevOpsAssignments\Kaiden-Thrailkill-DevOps-CI-Activity\code\JUnit Sample\target\test-classes;C:\Users\Kaiden Thrailkill\Desktop\DevOpsAssignments\Kaiden-Thrailkill-DevOps-CI-Activity\code\JUnit Sample\target\classes;C:\Users\Kaiden Thrailkill\.m2\repository\org\junit\jupiter\junit-jupiter-api\5.5.1\junit-jupiter-api-5.5.1.jar;C:\Users\Kaiden Thrailkill\.m2\repository\org\apiguardian\apiguardian-api\1.1.0\apiguardian-api-1.1.0.jar;C:\Users\Kaiden Thrailkill\.m2\repository\org\opentest4j\opentest4j\1.2.0\opentest4j-1.2.0.jar;C:\Users\Kaiden Thrailkill\.m2\repository\org\junit\platform\junit-platform-commons\1.5.1\junit-platform-commons-1.5.1.jar;C:\Users\Kaiden Thrailkill\.m2\repository\org\junit\jupiter\junit-jupiter-params\5.5.1\junit-jupiter-params-5.5.1.jar;C:\Users\Kaiden Thrailkill\.m2\repository\org\junit\jupiter\junit-jupiter-engine\5.5.1\junit-jupiter-engine-5.5.1.jar;C:\Users\Kaiden Thrailkill\.m2\repository\org\junit\platform\junit-platform-engine\1.5.1\junit-platform-engine-1.5.1.jar;"/>
    <property name="sun.cpu.endian" value="little"/>
    <property name="user.home" value="C:\Users\Kaiden Thrailkill"/>
    <property name="user.language" value="en"/>
    <property name="java.specification.vendor" value="Oracle Corporation"/>
    <property name="java.version.date" value="2024-01-16"/>
    <property name="java.home" value="C:\Program Files\Java\jdk-21"/>
    <property name="file.separator" value="\"/>
    <property name="basedir" value="C:\Users\Kaiden Thrailkill\Desktop\DevOpsAssignments\Kaiden-Thrailkill-DevOps-CI-Activity\code\JUnit Sample"/>
    <property name="java.vm.compressedOopsMode" value="Zero based"/>
    <property name="line.separator" value="&#10;"/>
    <property name="java.vm.specification.vendor" value="Oracle Corporation"/>
    <property name="java.specification.name" value="Java Platform API Specification"/>
    <property name="surefire.real.class.path" value="C:\Users\KAIDEN~1\AppData\Local\Temp\surefire15035928812430862817\surefirebooter9866532097033303979.jar"/>
    <property name="user.script" value=""/>
    <property name="sun.management.compiler" value="HotSpot 64-Bit Tiered Compilers"/>
    <property name="java.runtime.version" value="21.0.2+13-LTS-58"/>
    <property name="user.name" value="Kaiden Thrailkill"/>
    <property name="stdout.encoding" value="Cp1252"/>
    <property name="path.separator" value=";"/>
    <property name="os.version" value="10.0"/>
    <property name="java.runtime.name" value="Java(TM) SE Runtime Environment"/>
    <property name="file.encoding" value="UTF-8"/>
    <property name="java.vm.name" value="Java HotSpot(TM) 64-Bit Server VM"/>
    <property name="localRepository" value="C:\Users\Kaiden Thrailkill\.m2\repository"/>
    <property name="java.vendor.url.bug" value="https://bugreport.java.com/bugreport/"/>
    <property name="java.io.tmpdir" value="C:\Users\KAIDEN~1\AppData\Local\Temp\"/>
    <property name="java.version" value="21.0.2"/>
    <property name="user.dir" value="C:\Users\Kaiden Thrailkill\Desktop\DevOpsAssignments\Kaiden-Thrailkill-DevOps-CI-Activity\code\JUnit Sample"/>
    <property name="os.arch" value="amd64"/>
    <property name="java.vm.specification.name" value="Java Virtual Machine Specification"/>
    <property name="sun.os.patch.level" value=""/>
    <property name="native.encoding" value="Cp1252"/>
    <property name="java.library.path" value="C:\Program Files\Java\jdk-21\bin;C:\WINDOWS\Sun\Java\bin;C:\WINDOWS\system32;C:\WINDOWS;C:\Program Files\NVIDIA GPU Computing Toolkit\CUDA\v11.8\bin;C:\Program Files\NVIDIA GPU Computing Toolkit\CUDA\v11.8\libnvvp;;C:\Program Files (x86)\Common Files\Oracle\Java\javapath;C:\Python39\;C:\Program Files (x86)\Microsoft Visual Studio\Shared\Python37_64\Scripts\;C:\Program Files (x86)\Microsoft Visual Studio\Shared\Python37_64\;C:\windows\system32;C:\windows;C:\windows\System32\Wbem;C:\windows\System32\WindowsPowerShell\v1.0\;C:\windows\System32\OpenSSH\;C:\Program Files (x86)\NVIDIA Corporation\PhysX\Common;C:\Program Files\NVIDIA Corporation\NVIDIA NvDLISR;C:\Program Files\dotnet\;C:\WINDOWS\system32;C:\WINDOWS;C:\WINDOWS\System32\Wbem;C:\WINDOWS\System32\WindowsPowerShell\v1.0\;C:\WINDOWS\System32\OpenSSH\;C:\Program Files\Java\jdk-13\bin;C:\Program Files (x86)\PuTTY\;C:\ProgramData\chocolatey\bin;C:\Program Files (x86)\dotnet\;C:\Program Files\Git\cmd;C:\Program Files\Microsoft SQL Server\130\Tools\Binn\;C:\Program Files\nodejs\;C:\Program Files\Docker\Docker\resources\bin;C:\ProgramData\DockerDesktop\version-bin;C:\WINDOWS\system32;C:\WINDOWS;C:\WINDOWS\System32\Wbem;C:\WINDOWS\System32\WindowsPowerShell\v1.0\;C:\WINDOWS\System32\OpenSSH\;C:\Program Files\Vim\vim90\vim.exe;C:\Program Files\NVIDIA Corporation\Nsight Compute 2022.3.0\;C:\Users\Kaiden Thrailkill\AppData\Local\Programs\Python\Python310\Scripts\;C:\Users\Kaiden Thrailkill\AppData\Local\Programs\Python\Python310\;C:\Users\Kaiden Thrailkill\AppData\Roaming\daml\bin;C:\Users\Kaiden Thrailkill\AppData\Local\Microsoft\WindowsApps;C:\Program Files\JetBrains\PyCharm Community Edition 2019.1.3\bin;C:\Program Files (x86)\Nmap;C:\Users\Kaiden Thrailkill\spicetify-cli;C:\Users\Kaiden Thrailkill\AppData\Local\Microsoft\WindowsApps;C:\Users\Kaiden Thrailkill\Desktop\apache-maven-3.9.6\bin;C:\Program Files\Java\jdk-21;C:\Program Files (x86)\Microsoft Visual Studio\2019\Community\Common7\IDE;C:\Users\Kaiden Thrailkill\AppData\Local\Programs\Microsoft VS Code\bin;D:\Kaiden Thrailkill\COMPUTERSHIT\Flutter\flutter\bin;C:\Users\Kaiden Thrailkill\AppData\Roaming\npm;C:\Program Files\Vim\vim90\;C:\Program Files\NVIDIA GPU Computing Toolkit\CUDA\v11.8\lib;C:\Program Files\NVIDIA GPU Computing Toolkit\CUDA\v11.8\libnvvp;C:\Program Files\NVIDIA GPU Computing Toolkit\CUDA\v11.8\bin;;."/>
    <property name="java.vm.info" value="mixed mode, sharing"/>
    <property name="stderr.encoding" value="Cp1252"/>
    <property name="java.vendor" value="Oracle Corporation"/>
    <property name="java.vm.version" value="21.0.2+13-LTS-58"/>
    <property name="sun.io.unicode.encoding" value="UnicodeLittle"/>
    <property name="java.class.version" value="65.0"/>
  </properties>
  <testcase name="test{long, boolean}[1]" classname="edu.westga.comp4420.junit_sample.test.model.telephone_checker.TestIdentifySpam" time="0.066"/>
  <testcase name="test{long, boolean}[2]" classname="edu.westga.comp4420.junit_sample.test.model.telephone_checker.TestIdentifySpam" time="0.001"/>
  <testcase name="test{long, boolean}[3]" classname="edu.westga.comp4420.junit_sample.test.model.telephone_checker.TestIdentifySpam" time="0.002"/>
  <testcase name="test{long, boolean}[4]" classname="edu.westga.comp4420.junit_sample.test.model.telephone_checker.TestIdentifySpam" time="0"/>
  <testcase name="test{long, boolean}[5]" classname="edu.westga.comp4420.junit_sample.test.model.telephone_checker.TestIdentifySpam" time="0.001"/>
  <testcase name="test{long, boolean}[6]" classname="edu.westga.comp4420.junit_sample.test.model.telephone_checker.TestIdentifySpam" time="0.001"/>
  <testcase name="test{long, boolean}[7]" classname="edu.westga.comp4420.junit_sample.test.model.telephone_checker.TestIdentifySpam" time="0.002"/>
  <testcase name="test{long, boolean}[8]" classname="edu.westga.comp4420.junit_sample.test.model.telephone_checker.TestIdentifySpam" time="0"/>
</testsuite>